  315021963_Proyecto_Gpo08.cpp
M:\Windows\Uni\Semestre2022-2\Compu Grafica\Lab\Proyecto\315021963_Proyecto_Gpo08\ProyectoFinal\ProyectoFinal\315021963_Proyecto_Gpo08.cpp(431,24): warning C4244: 'inicializando': conversión de 'double' a 'GLfloat'; posible pérdida de datos
M:\Windows\Uni\Semestre2022-2\Compu Grafica\Lab\Proyecto\315021963_Proyecto_Gpo08\ProyectoFinal\ProyectoFinal\315021963_Proyecto_Gpo08.cpp(858,11): warning C4244: '=': conversión de 'double' a 'GLfloat'; posible pérdida de datos
M:\Windows\Uni\Semestre2022-2\Compu Grafica\Lab\Proyecto\315021963_Proyecto_Gpo08\ProyectoFinal\ProyectoFinal\315021963_Proyecto_Gpo08.cpp(859,11): warning C4244: '=': conversión de 'double' a 'GLfloat'; posible pérdida de datos
M:\Windows\Uni\Semestre2022-2\Compu Grafica\Lab\Proyecto\315021963_Proyecto_Gpo08\ProyectoFinal\ProyectoFinal\315021963_Proyecto_Gpo08.cpp(863,18): warning C4244: 'inicializando': conversión de 'double' a 'GLfloat'; posible pérdida de datos
M:\Windows\Uni\Semestre2022-2\Compu Grafica\Lab\Proyecto\315021963_Proyecto_Gpo08\ProyectoFinal\ProyectoFinal\315021963_Proyecto_Gpo08.cpp(864,18): warning C4244: 'inicializando': conversión de 'double' a 'GLfloat'; posible pérdida de datos
M:\Windows\Uni\Semestre2022-2\Compu Grafica\Lab\Proyecto\315021963_Proyecto_Gpo08\ProyectoFinal\ProyectoFinal\315021963_Proyecto_Gpo08.cpp(866,10): warning C4244: '=': conversión de 'double' a 'GLfloat'; posible pérdida de datos
M:\Windows\Uni\Semestre2022-2\Compu Grafica\Lab\Proyecto\315021963_Proyecto_Gpo08\ProyectoFinal\ProyectoFinal\315021963_Proyecto_Gpo08.cpp(867,10): warning C4244: '=': conversión de 'double' a 'GLfloat'; posible pérdida de datos
soil2-debug.lib(SOIL2.obj) : warning LNK4075: se omite '/EDITANDCONTINUE' debido a la especificación '/OPT:ICF'
LINK : warning LNK4098: la biblioteca predeterminada'MSVCRTD' entra en conflicto con otras bibliotecas; use la biblioteca /NODEFAULTLIB:biblioteca
  Generando código
  1 of 686 functions ( 0.1%) were compiled, the rest were copied from previous compilation.
    0 functions were new in current compilation
    0 functions had inline decision re-evaluated but remain unchanged
  Generación de código finalizada
soil2-debug.lib(etc1_utils.obj) : warning LNK4099: no se encontró PDB 'soil2-debug.pdb' con 'soil2-debug.lib(etc1_utils.obj)' o en 'M:\Windows\Uni\Semestre2022-2\Compu Grafica\Lab\Proyecto\315021963_Proyecto_Gpo08\ProyectoFinal\Release\soil2-debug.pdb'; se vinculará el objeto sin tener en cuenta información de depuración
soil2-debug.lib(image_DXT.obj) : warning LNK4099: no se encontró PDB 'soil2-debug.pdb' con 'soil2-debug.lib(image_DXT.obj)' o en 'M:\Windows\Uni\Semestre2022-2\Compu Grafica\Lab\Proyecto\315021963_Proyecto_Gpo08\ProyectoFinal\Release\soil2-debug.pdb'; se vinculará el objeto sin tener en cuenta información de depuración
soil2-debug.lib(image_helper.obj) : warning LNK4099: no se encontró PDB 'soil2-debug.pdb' con 'soil2-debug.lib(image_helper.obj)' o en 'M:\Windows\Uni\Semestre2022-2\Compu Grafica\Lab\Proyecto\315021963_Proyecto_Gpo08\ProyectoFinal\Release\soil2-debug.pdb'; se vinculará el objeto sin tener en cuenta información de depuración
soil2-debug.lib(SOIL2.obj) : warning LNK4099: no se encontró PDB 'soil2-debug.pdb' con 'soil2-debug.lib(SOIL2.obj)' o en 'M:\Windows\Uni\Semestre2022-2\Compu Grafica\Lab\Proyecto\315021963_Proyecto_Gpo08\ProyectoFinal\Release\soil2-debug.pdb'; se vinculará el objeto sin tener en cuenta información de depuración
  ProyectoFinal.vcxproj -> M:\Windows\Uni\Semestre2022-2\Compu Grafica\Lab\Proyecto\315021963_Proyecto_Gpo08\ProyectoFinal\Release\ProyectoFinal.exe
