  315021963_Proyecto_Gpo08.cpp
M:\Windows\Uni\Semestre2022-2\Compu Grafica\Lab\Proyecto\315021963_Proyecto_Gpo08\ProyectoFinal\ProyectoFinal\315021963_Proyecto_Gpo08.cpp(196,24): warning C4244: 'inicializando': conversión de 'double' a 'GLfloat'; posible pérdida de datos
M:\Windows\Uni\Semestre2022-2\Compu Grafica\Lab\Proyecto\315021963_Proyecto_Gpo08\ProyectoFinal\ProyectoFinal\315021963_Proyecto_Gpo08.cpp(230,21): warning C4244: '=': conversión de 'double' a 'T'; posible pérdida de datos
          with
          [
              T=float
          ]
M:\Windows\Uni\Semestre2022-2\Compu Grafica\Lab\Proyecto\315021963_Proyecto_Gpo08\ProyectoFinal\ProyectoFinal\315021963_Proyecto_Gpo08.cpp(231,21): warning C4244: '=': conversión de 'double' a 'T'; posible pérdida de datos
          with
          [
              T=float
          ]
M:\Windows\Uni\Semestre2022-2\Compu Grafica\Lab\Proyecto\315021963_Proyecto_Gpo08\ProyectoFinal\ProyectoFinal\315021963_Proyecto_Gpo08.cpp(232,21): warning C4244: '=': conversión de 'double' a 'T'; posible pérdida de datos
          with
          [
              T=float
          ]
M:\Windows\Uni\Semestre2022-2\Compu Grafica\Lab\Proyecto\315021963_Proyecto_Gpo08\ProyectoFinal\ProyectoFinal\315021963_Proyecto_Gpo08.cpp(527,11): warning C4244: '=': conversión de 'double' a 'GLfloat'; posible pérdida de datos
M:\Windows\Uni\Semestre2022-2\Compu Grafica\Lab\Proyecto\315021963_Proyecto_Gpo08\ProyectoFinal\ProyectoFinal\315021963_Proyecto_Gpo08.cpp(528,11): warning C4244: '=': conversión de 'double' a 'GLfloat'; posible pérdida de datos
M:\Windows\Uni\Semestre2022-2\Compu Grafica\Lab\Proyecto\315021963_Proyecto_Gpo08\ProyectoFinal\ProyectoFinal\315021963_Proyecto_Gpo08.cpp(532,18): warning C4244: 'inicializando': conversión de 'double' a 'GLfloat'; posible pérdida de datos
M:\Windows\Uni\Semestre2022-2\Compu Grafica\Lab\Proyecto\315021963_Proyecto_Gpo08\ProyectoFinal\ProyectoFinal\315021963_Proyecto_Gpo08.cpp(533,18): warning C4244: 'inicializando': conversión de 'double' a 'GLfloat'; posible pérdida de datos
M:\Windows\Uni\Semestre2022-2\Compu Grafica\Lab\Proyecto\315021963_Proyecto_Gpo08\ProyectoFinal\ProyectoFinal\315021963_Proyecto_Gpo08.cpp(535,10): warning C4244: '=': conversión de 'double' a 'GLfloat'; posible pérdida de datos
M:\Windows\Uni\Semestre2022-2\Compu Grafica\Lab\Proyecto\315021963_Proyecto_Gpo08\ProyectoFinal\ProyectoFinal\315021963_Proyecto_Gpo08.cpp(536,10): warning C4244: '=': conversión de 'double' a 'GLfloat'; posible pérdida de datos
LINK : warning LNK4098: la biblioteca predeterminada'MSVCRT' entra en conflicto con otras bibliotecas; use la biblioteca /NODEFAULTLIB:biblioteca
soil2-debug.lib(etc1_utils.obj) : warning LNK4099: no se encontró PDB 'soil2-debug.pdb' con 'soil2-debug.lib(etc1_utils.obj)' o en 'M:\Windows\Uni\Semestre2022-2\Compu Grafica\Lab\Proyecto\315021963_Proyecto_Gpo08\ProyectoFinal\Debug\soil2-debug.pdb'; se vinculará el objeto sin tener en cuenta información de depuración
soil2-debug.lib(image_DXT.obj) : warning LNK4099: no se encontró PDB 'soil2-debug.pdb' con 'soil2-debug.lib(image_DXT.obj)' o en 'M:\Windows\Uni\Semestre2022-2\Compu Grafica\Lab\Proyecto\315021963_Proyecto_Gpo08\ProyectoFinal\Debug\soil2-debug.pdb'; se vinculará el objeto sin tener en cuenta información de depuración
soil2-debug.lib(image_helper.obj) : warning LNK4099: no se encontró PDB 'soil2-debug.pdb' con 'soil2-debug.lib(image_helper.obj)' o en 'M:\Windows\Uni\Semestre2022-2\Compu Grafica\Lab\Proyecto\315021963_Proyecto_Gpo08\ProyectoFinal\Debug\soil2-debug.pdb'; se vinculará el objeto sin tener en cuenta información de depuración
soil2-debug.lib(SOIL2.obj) : warning LNK4099: no se encontró PDB 'soil2-debug.pdb' con 'soil2-debug.lib(SOIL2.obj)' o en 'M:\Windows\Uni\Semestre2022-2\Compu Grafica\Lab\Proyecto\315021963_Proyecto_Gpo08\ProyectoFinal\Debug\soil2-debug.pdb'; se vinculará el objeto sin tener en cuenta información de depuración
  ProyectoFinal.vcxproj -> M:\Windows\Uni\Semestre2022-2\Compu Grafica\Lab\Proyecto\315021963_Proyecto_Gpo08\ProyectoFinal\Debug\ProyectoFinal.exe
